This file contains any messages produced by compilers while
running configure, to aid debugging if configure makes a mistake.

It was created by iperf configure 3.13, which was
generated by GNU Autoconf 2.71.  Invocation command line was

  $ ./configure --host=riscv64-linux-musl CC=riscv64-musl-gcc --enable-static-bin --without-sctp

## --------- ##
## Platform. ##
## --------- ##

hostname = boneinscri-ubuntu
uname -m = x86_64
uname -r = 5.19.0-46-generic
uname -s = Linux
uname -v = #47~22.04.1-Ubuntu SMP PREEMPT_DYNAMIC Wed Jun 21 15:35:31 UTC 2

/usr/bin/uname -p = x86_64
/bin/uname -X     = unknown

/bin/arch              = x86_64
/usr/bin/arch -k       = unknown
/usr/convex/getsysinfo = unknown
/usr/bin/hostinfo      = unknown
/bin/machine           = unknown
/usr/bin/oslevel       = unknown
/bin/universe          = unknown

PATH: /usr/bin/riscv64-linux-gnu-gcc/
PATH: /home/boneinscri/.local/bin/
PATH: /usr/bin/riscv64-linux-gnu-gcc/
PATH: /opt/anaconda3/bin/
PATH: /opt/anaconda3/condabin/
PATH: /home/boneinscri/.local/bin/
PATH: /usr/local/sbin/
PATH: /usr/local/bin/
PATH: /usr/sbin/
PATH: /usr/bin/
PATH: /sbin/
PATH: /bin/
PATH: /usr/games/
PATH: /usr/local/games/
PATH: /snap/bin/
PATH: /snap/bin/


## ----------- ##
## Core tests. ##
## ----------- ##

configure:2438: looking for aux files: compile config.guess config.sub ltmain.sh missing install-sh
configure:2451:  trying ./config/
configure:2480:   ./config/compile found
configure:2480:   ./config/config.guess found
configure:2480:   ./config/config.sub found
configure:2480:   ./config/ltmain.sh found
configure:2480:   ./config/missing found
configure:2462:   ./config/install-sh found
configure:2707: checking for a BSD-compatible install
configure:2780: result: /usr/bin/install -c
configure:2791: checking whether build environment is sane
configure:2846: result: yes
configure:2902: checking for riscv64-linux-musl-strip
configure:2937: result: no
configure:2947: checking for strip
configure:2968: found /usr/bin/strip
configure:2979: result: strip
configure:3005: checking for a race-free mkdir -p
configure:3049: result: /usr/bin/mkdir -p
configure:3056: checking for gawk
configure:3077: found /usr/bin/gawk
configure:3088: result: gawk
configure:3099: checking whether make sets $(MAKE)
configure:3122: result: yes
configure:3152: checking whether make supports nested variables
configure:3170: result: yes
configure:3318: checking whether make supports nested variables
configure:3336: result: yes
configure:3379: checking build system type
configure:3394: result: x86_64-pc-linux-musl
configure:3414: checking host system type
configure:3428: result: riscv64-unknown-linux-musl
configure:3469: checking how to print strings
configure:3496: result: printf
configure:3530: checking whether make supports the include directive
configure:3545: make -f confmf.GNU && cat confinc.out
make[1]: Entering directory '/home/boneinscri/HDU/OS内核赛/决赛/开发流/final7/os_test/apps/iperf'
make[1]: Leaving directory '/home/boneinscri/HDU/OS内核赛/决赛/开发流/final7/os_test/apps/iperf'
this is the am__doit target
configure:3548: $? = 0
configure:3567: result: yes (GNU style)
configure:3598: checking for riscv64-linux-musl-gcc
configure:3630: result: riscv64-musl-gcc
configure:4028: checking for C compiler version
configure:4037: riscv64-musl-gcc --version >&5
riscv64-linux-gnu-gcc (Ubuntu 11.3.0-1ubuntu1~22.04.1) 11.3.0
Copyright (C) 2021 Free Software Foundation, Inc.
This is free software; see the source for copying conditions.  There is NO
warranty; not even for MERCHANTABILITY or FITNESS FOR A PARTICULAR PURPOSE.

configure:4048: $? = 0
configure:4037: riscv64-musl-gcc -v >&5
Using built-in specs.
Reading specs from /usr/local/musl/lib/musl-gcc.specs
rename spec cpp_options to old_cpp_options
COLLECT_GCC=riscv64-linux-gnu-gcc
COLLECT_LTO_WRAPPER=/usr/lib/gcc-cross/riscv64-linux-gnu/11/lto-wrapper
Target: riscv64-linux-gnu
Configured with: ../src/configure -v --with-pkgversion='Ubuntu 11.3.0-1ubuntu1~22.04.1' --with-bugurl=file:///usr/share/doc/gcc-11/README.Bugs --enable-languages=c,ada,c++,go,d,fortran,objc,obj-c++,m2 --prefix=/usr --with-gcc-major-version-only --program-suffix=-11 --enable-shared --enable-linker-build-id --libexecdir=/usr/lib --without-included-gettext --enable-threads=posix --libdir=/usr/lib --enable-nls --with-sysroot=/ --enable-clocale=gnu --enable-libstdcxx-debug --enable-libstdcxx-time=yes --with-default-libstdcxx-abi=new --enable-gnu-unique-object --disable-libitm --disable-libquadmath --disable-libquadmath-support --enable-plugin --enable-default-pie --with-system-zlib --enable-libphobos-checking=release --without-target-system-zlib --enable-multiarch --disable-werror --disable-multilib --with-arch=rv64gc --with-abi=lp64d --enable-checking=release --build=x86_64-linux-gnu --host=x86_64-linux-gnu --target=riscv64-linux-gnu --program-prefix=riscv64-linux-gnu- --includedir=/usr/riscv64-linux-gnu/include --with-build-config=bootstrap-lto-lean --enable-link-serialization=2
Thread model: posix
Supported LTO compression algorithms: zlib zstd
gcc version 11.3.0 (Ubuntu 11.3.0-1ubuntu1~22.04.1) 
... rest of stderr output deleted ...
configure:4048: $? = 0
configure:4037: riscv64-musl-gcc -V >&5
riscv64-linux-gnu-gcc: error: unrecognized command-line option '-V'
riscv64-linux-gnu-gcc: fatal error: no input files
compilation terminated.
configure:4048: $? = 1
configure:4037: riscv64-musl-gcc -qversion >&5
riscv64-linux-gnu-gcc: error: unrecognized command-line option '-qversion'; did you mean '--version'?
riscv64-linux-gnu-gcc: fatal error: no input files
compilation terminated.
configure:4048: $? = 1
configure:4037: riscv64-musl-gcc -version >&5
riscv64-linux-gnu-gcc: error: unrecognized command-line option '-version'
riscv64-linux-gnu-gcc: fatal error: no input files
compilation terminated.
configure:4048: $? = 1
configure:4068: checking whether the C compiler works
configure:4090: riscv64-musl-gcc    --static conftest.c  >&5
configure:4094: $? = 0
configure:4144: result: yes
configure:4147: checking for C compiler default output file name
configure:4149: result: a.out
configure:4155: checking for suffix of executables
configure:4162: riscv64-musl-gcc -o conftest    --static conftest.c  >&5
configure:4166: $? = 0
configure:4189: result: 
configure:4211: checking whether we are cross compiling
configure:4219: riscv64-musl-gcc -o conftest    --static conftest.c  >&5
configure:4223: $? = 0
configure:4230: ./conftest
./configure: line 4232: ./conftest: cannot execute binary file: Exec format error
configure:4234: $? = 126
configure:4249: result: yes
configure:4254: checking for suffix of object files
configure:4277: riscv64-musl-gcc -c   conftest.c >&5
configure:4281: $? = 0
configure:4303: result: o
configure:4307: checking whether the compiler supports GNU C
configure:4327: riscv64-musl-gcc -c   conftest.c >&5
configure:4327: $? = 0
configure:4337: result: yes
configure:4348: checking whether riscv64-musl-gcc accepts -g
configure:4369: riscv64-musl-gcc -c -g  conftest.c >&5
configure:4369: $? = 0
configure:4413: result: yes
configure:4433: checking for riscv64-musl-gcc option to enable C11 features
configure:4448: riscv64-musl-gcc  -c -g -O2  conftest.c >&5
configure:4448: $? = 0
configure:4466: result: none needed
configure:4582: checking whether riscv64-musl-gcc understands -c and -o together
configure:4605: riscv64-musl-gcc -c conftest.c -o conftest2.o
configure:4608: $? = 0
configure:4605: riscv64-musl-gcc -c conftest.c -o conftest2.o
configure:4608: $? = 0
configure:4620: result: yes
configure:4639: checking dependency style of riscv64-musl-gcc
configure:4751: result: gcc3
configure:4766: checking for a sed that does not truncate output
configure:4836: result: /usr/bin/sed
configure:4854: checking for grep that handles long lines and -e
configure:4918: result: /usr/bin/grep
configure:4923: checking for egrep
configure:4991: result: /usr/bin/grep -E
configure:4996: checking for fgrep
configure:5064: result: /usr/bin/grep -F
configure:5100: checking for ld used by riscv64-musl-gcc
configure:5168: result: /usr/riscv64-linux-gnu/bin/ld
configure:5175: checking if the linker (/usr/riscv64-linux-gnu/bin/ld) is GNU ld
configure:5191: result: yes
configure:5203: checking for BSD- or MS-compatible name lister (nm)
configure:5258: result: no
configure:5272: checking for riscv64-linux-musl-dumpbin
configure:5307: result: no
configure:5272: checking for riscv64-linux-musl-link
configure:5307: result: no
configure:5321: checking for dumpbin
configure:5356: result: no
configure:5321: checking for link
configure:5342: found /usr/bin/link
configure:5353: result: link -dump
configure:5369: WARNING: using cross tools not prefixed with host triplet
configure:5398: checking the name lister (nm) interface
configure:5406: riscv64-musl-gcc -c -g -O2  conftest.c >&5
configure:5409: nm "conftest.o"
configure:5412: output
0000000000000057 N .L0 
00000000000000a3 N .L0 
00000000000000ae N .L0 
000000000000004c N .LASF0
0000000000000000 N .LASF1
000000000000000e N .LASF2
0000000000000000 N .LASF3
0000000000000000 N .Ldebug_abbrev0
0000000000000000 N .Ldebug_info0
0000000000000000 N .Ldebug_line0
0000000000000000 B some_variable
configure:5419: result: BSD nm
configure:5422: checking whether ln -s works
configure:5426: result: yes
configure:5434: checking the maximum length of command line arguments
configure:5566: result: 1572864
configure:5614: checking how to convert x86_64-pc-linux-musl file names to riscv64-unknown-linux-musl format
configure:5655: result: func_convert_file_noop
configure:5662: checking how to convert x86_64-pc-linux-musl file names to toolchain format
configure:5683: result: func_convert_file_noop
configure:5690: checking for /usr/riscv64-linux-gnu/bin/ld option to reload object files
configure:5698: result: -r
configure:5732: checking for riscv64-linux-musl-file
configure:5767: result: no
configure:5777: checking for file
configure:5798: found /usr/bin/file
configure:5809: result: file
configure:5840: checking for riscv64-linux-musl-objdump
configure:5875: result: no
configure:5885: checking for objdump
configure:5906: found /usr/bin/objdump
configure:5917: result: objdump
configure:5949: checking how to recognize dependent libraries
configure:6150: result: pass_all
configure:6195: checking for riscv64-linux-musl-dlltool
configure:6230: result: no
configure:6240: checking for dlltool
configure:6275: result: no
configure:6305: checking how to associate runtime and link libraries
configure:6333: result: printf %s\n
configure:6350: checking for riscv64-linux-musl-ar
configure:6385: result: no
configure:6399: checking for ar
configure:6420: found /usr/bin/ar
configure:6431: result: ar
configure:6484: checking for archiver @FILE support
configure:6502: riscv64-musl-gcc -c -g -O2  conftest.c >&5
configure:6502: $? = 0
configure:6506: ar cr libconftest.a @conftest.lst >&5
configure:6509: $? = 0
configure:6514: ar cr libconftest.a @conftest.lst >&5
ar: conftest.o: No such file or directory
configure:6517: $? = 1
configure:6529: result: @
configure:6547: checking for riscv64-linux-musl-strip
configure:6579: result: strip
configure:6656: checking for riscv64-linux-musl-ranlib
configure:6691: result: no
configure:6701: checking for ranlib
configure:6722: found /usr/bin/ranlib
configure:6733: result: ranlib
configure:6835: checking command to parse nm output from riscv64-musl-gcc object
configure:6989: riscv64-musl-gcc -c -g -O2  conftest.c >&5
configure:6992: $? = 0
configure:6996: nm conftest.o \| /usr/bin/sed -n -e 's/^.*[ ]\([ABCDGIRSTW][ABCDGIRSTW]*\)[ ][ ]*\([_A-Za-z][_A-Za-z0-9]*\)$/\1 \2 \2/p' | /usr/bin/sed '/ __gnu_lto/d' \> conftest.nm
configure:6999: $? = 0
configure:7065: riscv64-musl-gcc -o conftest -g -O2   --static conftest.c conftstm.o >&5
configure:7068: $? = 0
configure:7106: result: ok
configure:7153: checking for sysroot
configure:7184: result: no
configure:7191: checking for a working dd
configure:7235: result: /usr/bin/dd
configure:7239: checking how to truncate binary pipes
configure:7255: result: /usr/bin/dd bs=4096 count=1
configure:7547: checking for riscv64-linux-musl-mt
configure:7582: result: no
configure:7592: checking for mt
configure:7613: found /usr/bin/mt
configure:7624: result: mt
configure:7647: checking if mt is a manifest tool
configure:7654: mt '-?'
configure:7662: result: no
configure:8387: checking for stdio.h
configure:8387: riscv64-musl-gcc -c -g -O2  conftest.c >&5
configure:8387: $? = 0
configure:8387: result: yes
configure:8387: checking for stdlib.h
configure:8387: riscv64-musl-gcc -c -g -O2  conftest.c >&5
configure:8387: $? = 0
configure:8387: result: yes
configure:8387: checking for string.h
configure:8387: riscv64-musl-gcc -c -g -O2  conftest.c >&5
configure:8387: $? = 0
configure:8387: result: yes
configure:8387: checking for inttypes.h
configure:8387: riscv64-musl-gcc -c -g -O2  conftest.c >&5
configure:8387: $? = 0
configure:8387: result: yes
configure:8387: checking for stdint.h
configure:8387: riscv64-musl-gcc -c -g -O2  conftest.c >&5
configure:8387: $? = 0
configure:8387: result: yes
configure:8387: checking for strings.h
configure:8387: riscv64-musl-gcc -c -g -O2  conftest.c >&5
configure:8387: $? = 0
configure:8387: result: yes
configure:8387: checking for sys/stat.h
configure:8387: riscv64-musl-gcc -c -g -O2  conftest.c >&5
configure:8387: $? = 0
configure:8387: result: yes
configure:8387: checking for sys/types.h
configure:8387: riscv64-musl-gcc -c -g -O2  conftest.c >&5
configure:8387: $? = 0
configure:8387: result: yes
configure:8387: checking for unistd.h
configure:8387: riscv64-musl-gcc -c -g -O2  conftest.c >&5
configure:8387: $? = 0
configure:8387: result: yes
configure:8412: checking for dlfcn.h
configure:8412: riscv64-musl-gcc -c -g -O2  conftest.c >&5
configure:8412: $? = 0
configure:8412: result: yes
configure:8671: checking for objdir
configure:8687: result: .libs
configure:8947: checking if riscv64-musl-gcc supports -fno-rtti -fno-exceptions
configure:8966: riscv64-musl-gcc -c -g -O2  -fno-rtti -fno-exceptions conftest.c >&5
cc1: warning: command-line option '-fno-rtti' is valid for C++/D/ObjC++ but not for C
configure:8970: $? = 0
configure:8983: result: no
configure:9341: checking for riscv64-musl-gcc option to produce PIC
configure:9349: result: -fPIC -DPIC
configure:9357: checking if riscv64-musl-gcc PIC flag -fPIC -DPIC works
configure:9376: riscv64-musl-gcc -c -g -O2  -fPIC -DPIC -DPIC conftest.c >&5
configure:9380: $? = 0
configure:9393: result: yes
configure:9422: checking if riscv64-musl-gcc static flag -static works
configure:9451: result: yes
configure:9466: checking if riscv64-musl-gcc supports -c -o file.o
configure:9488: riscv64-musl-gcc -c -g -O2  -o out/conftest2.o conftest.c >&5
configure:9492: $? = 0
configure:9514: result: yes
configure:9522: checking if riscv64-musl-gcc supports -c -o file.o
configure:9570: result: yes
configure:9603: checking whether the riscv64-musl-gcc linker (/usr/riscv64-linux-gnu/bin/ld) supports shared libraries
configure:10871: result: yes
configure:11112: checking dynamic linker characteristics
configure:11694: riscv64-musl-gcc -o conftest -g -O2   --static -Wl,-rpath -Wl,/foo conftest.c  >&5
configure:11694: $? = 0
configure:11933: result: GNU/Linux ld.so
configure:12055: checking how to hardcode library paths into programs
configure:12080: result: immediate
configure:12632: checking whether stripping libraries is possible
configure:12641: result: yes
configure:12683: checking if libtool supports shared libraries
configure:12685: result: yes
configure:12688: checking whether to build shared libraries
configure:12713: result: no
configure:12716: checking whether to build static libraries
configure:12720: result: yes
configure:12759: checking whether to enable maintainer-specific portions of Makefiles
configure:12769: result: no
configure:12797: checking for riscv64-linux-musl-gcc
configure:12829: result: riscv64-musl-gcc
configure:13227: checking for C compiler version
configure:13236: riscv64-musl-gcc --version >&5
riscv64-linux-gnu-gcc (Ubuntu 11.3.0-1ubuntu1~22.04.1) 11.3.0
Copyright (C) 2021 Free Software Foundation, Inc.
This is free software; see the source for copying conditions.  There is NO
warranty; not even for MERCHANTABILITY or FITNESS FOR A PARTICULAR PURPOSE.

configure:13247: $? = 0
configure:13236: riscv64-musl-gcc -v >&5
Using built-in specs.
Reading specs from /usr/local/musl/lib/musl-gcc.specs
rename spec cpp_options to old_cpp_options
COLLECT_GCC=riscv64-linux-gnu-gcc
COLLECT_LTO_WRAPPER=/usr/lib/gcc-cross/riscv64-linux-gnu/11/lto-wrapper
Target: riscv64-linux-gnu
Configured with: ../src/configure -v --with-pkgversion='Ubuntu 11.3.0-1ubuntu1~22.04.1' --with-bugurl=file:///usr/share/doc/gcc-11/README.Bugs --enable-languages=c,ada,c++,go,d,fortran,objc,obj-c++,m2 --prefix=/usr --with-gcc-major-version-only --program-suffix=-11 --enable-shared --enable-linker-build-id --libexecdir=/usr/lib --without-included-gettext --enable-threads=posix --libdir=/usr/lib --enable-nls --with-sysroot=/ --enable-clocale=gnu --enable-libstdcxx-debug --enable-libstdcxx-time=yes --with-default-libstdcxx-abi=new --enable-gnu-unique-object --disable-libitm --disable-libquadmath --disable-libquadmath-support --enable-plugin --enable-default-pie --with-system-zlib --enable-libphobos-checking=release --without-target-system-zlib --enable-multiarch --disable-werror --disable-multilib --with-arch=rv64gc --with-abi=lp64d --enable-checking=release --build=x86_64-linux-gnu --host=x86_64-linux-gnu --target=riscv64-linux-gnu --program-prefix=riscv64-linux-gnu- --includedir=/usr/riscv64-linux-gnu/include --with-build-config=bootstrap-lto-lean --enable-link-serialization=2
Thread model: posix
Supported LTO compression algorithms: zlib zstd
gcc version 11.3.0 (Ubuntu 11.3.0-1ubuntu1~22.04.1) 
... rest of stderr output deleted ...
configure:13247: $? = 0
configure:13236: riscv64-musl-gcc -V >&5
riscv64-linux-gnu-gcc: error: unrecognized command-line option '-V'
riscv64-linux-gnu-gcc: fatal error: no input files
compilation terminated.
configure:13247: $? = 1
configure:13236: riscv64-musl-gcc -qversion >&5
riscv64-linux-gnu-gcc: error: unrecognized command-line option '-qversion'; did you mean '--version'?
riscv64-linux-gnu-gcc: fatal error: no input files
compilation terminated.
configure:13247: $? = 1
configure:13236: riscv64-musl-gcc -version >&5
riscv64-linux-gnu-gcc: error: unrecognized command-line option '-version'
riscv64-linux-gnu-gcc: fatal error: no input files
compilation terminated.
configure:13247: $? = 1
configure:13251: checking whether the compiler supports GNU C
configure:13281: result: yes
configure:13292: checking whether riscv64-musl-gcc accepts -g
configure:13357: result: yes
configure:13377: checking for riscv64-musl-gcc option to enable C11 features
configure:13410: result: none needed
configure:13526: checking whether riscv64-musl-gcc understands -c and -o together
configure:13564: result: yes
configure:13583: checking dependency style of riscv64-musl-gcc
configure:13695: result: gcc3
configure:13713: checking for riscv64-linux-musl-ranlib
configure:13745: result: ranlib
configure:13812: checking whether ln -s works
configure:13816: result: yes
configure:13847: checking for library containing floor
configure:13877: riscv64-musl-gcc -o conftest -g -O2 -Wall   --static conftest.c  >&5
conftest.c:27:6: warning: conflicting types for built-in function 'floor'; expected 'double(double)' [-Wbuiltin-declaration-mismatch]
   27 | char floor ();
      |      ^~~~~
conftest.c:1:1: note: 'floor' is declared in header '<math.h>'
    1 | /* confdefs.h */
configure:13877: $? = 0
configure:13897: result: none required
configure:13913: checking for library containing socket
configure:13943: riscv64-musl-gcc -o conftest -g -O2 -Wall   --static conftest.c  >&5
configure:13943: $? = 0
configure:13963: result: none required
configure:13979: checking for library containing inet_ntop
configure:14009: riscv64-musl-gcc -o conftest -g -O2 -Wall   --static conftest.c  >&5
configure:14009: $? = 0
configure:14029: result: none required
configure:14045: checking for an ANSI C-conforming const
configure:14112: riscv64-musl-gcc -c -g -O2 -Wall  conftest.c >&5
configure:14112: $? = 0
configure:14120: result: yes
configure:14130: checking for poll.h
configure:14130: riscv64-musl-gcc -c -g -O2 -Wall  conftest.c >&5
configure:14130: $? = 0
configure:14130: result: yes
configure:14165: checking for linux/tcp.h
configure:14165: riscv64-musl-gcc -c -g -O2 -Wall  conftest.c >&5
conftest.c:52:10: fatal error: linux/tcp.h: No such file or directory
   52 | #include <linux/tcp.h>
      |          ^~~~~~~~~~~~~
compilation terminated.
configure:14165: $? = 1
configure: failed program was:
| /* confdefs.h */
| #define PACKAGE_NAME "iperf"
| #define PACKAGE_TARNAME "iperf"
| #define PACKAGE_VERSION "3.13"
| #define PACKAGE_STRING "iperf 3.13"
| #define PACKAGE_BUGREPORT "https://github.com/esnet/iperf"
| #define PACKAGE_URL "https://software.es.net/iperf/"
| #define PACKAGE "iperf"
| #define VERSION "3.13"
| #define HAVE_STDIO_H 1
| #define HAVE_STDLIB_H 1
| #define HAVE_STRING_H 1
| #define HAVE_INTTYPES_H 1
| #define HAVE_STDINT_H 1
| #define HAVE_STRINGS_H 1
| #define HAVE_SYS_STAT_H 1
| #define HAVE_SYS_TYPES_H 1
| #define HAVE_UNISTD_H 1
| #define STDC_HEADERS 1
| #define HAVE_DLFCN_H 1
| #define LT_OBJDIR ".libs/"
| #define HAVE_POLL_H 1
| /* end confdefs.h.  */
| #include <stddef.h>
| #ifdef HAVE_STDIO_H
| # include <stdio.h>
| #endif
| #ifdef HAVE_STDLIB_H
| # include <stdlib.h>
| #endif
| #ifdef HAVE_STRING_H
| # include <string.h>
| #endif
| #ifdef HAVE_INTTYPES_H
| # include <inttypes.h>
| #endif
| #ifdef HAVE_STDINT_H
| # include <stdint.h>
| #endif
| #ifdef HAVE_STRINGS_H
| # include <strings.h>
| #endif
| #ifdef HAVE_SYS_TYPES_H
| # include <sys/types.h>
| #endif
| #ifdef HAVE_SYS_STAT_H
| # include <sys/stat.h>
| #endif
| #ifdef HAVE_UNISTD_H
| # include <unistd.h>
| #endif
| #include <linux/tcp.h>
configure:14165: result: no
configure:14326: checking for endian.h
configure:14326: riscv64-musl-gcc -c -g -O2 -Wall  conftest.c >&5
configure:14326: $? = 0
configure:14326: result: yes
configure:14377: checking for riscv64-linux-musl-pkg-config
configure:14412: result: no
configure:14422: checking for pkg-config
configure:14443: found /usr/bin/pkg-config
configure:14454: result: pkg-config
configure:14524: checking whether compiling and linking against OpenSSL works
Trying link with OPENSSL_LDFLAGS=; OPENSSL_LIBS=-lssl -lcrypto; OPENSSL_INCLUDES=
configure:14546: riscv64-musl-gcc -o conftest -g -O2 -Wall    --static  conftest.c -lssl -lcrypto  >&5
conftest.c:25:10: fatal error: openssl/ssl.h: No such file or directory
   25 | #include <openssl/ssl.h>
      |          ^~~~~~~~~~~~~~~
compilation terminated.
configure:14546: $? = 1
configure: failed program was:
| /* confdefs.h */
| #define PACKAGE_NAME "iperf"
| #define PACKAGE_TARNAME "iperf"
| #define PACKAGE_VERSION "3.13"
| #define PACKAGE_STRING "iperf 3.13"
| #define PACKAGE_BUGREPORT "https://github.com/esnet/iperf"
| #define PACKAGE_URL "https://software.es.net/iperf/"
| #define PACKAGE "iperf"
| #define VERSION "3.13"
| #define HAVE_STDIO_H 1
| #define HAVE_STDLIB_H 1
| #define HAVE_STRING_H 1
| #define HAVE_INTTYPES_H 1
| #define HAVE_STDINT_H 1
| #define HAVE_STRINGS_H 1
| #define HAVE_SYS_STAT_H 1
| #define HAVE_SYS_TYPES_H 1
| #define HAVE_UNISTD_H 1
| #define STDC_HEADERS 1
| #define HAVE_DLFCN_H 1
| #define LT_OBJDIR ".libs/"
| #define HAVE_POLL_H 1
| #define HAVE_ENDIAN_H 1
| /* end confdefs.h.  */
| #include <openssl/ssl.h>
| int
| main (void)
| {
| SSL_new(NULL)
|   ;
|   return 0;
| }
configure:14558: result: no
configure:14592: checking TCP_CONGESTION socket option
configure:14609: riscv64-musl-gcc -c -g -O2 -Wall   conftest.c >&5
conftest.c: In function 'main':
conftest.c:29:5: warning: unused variable 'foo' [-Wunused-variable]
   29 | int foo = TCP_CONGESTION;
      |     ^~~
configure:14609: $? = 0
configure:14617: result: yes
configure:14626: checking TCP_USER_TIMEOUT socket option
configure:14643: riscv64-musl-gcc -c -g -O2 -Wall   conftest.c >&5
conftest.c: In function 'main':
conftest.c:30:5: warning: unused variable 'foo' [-Wunused-variable]
   30 | int foo = TCP_USER_TIMEOUT;
      |     ^~~
configure:14643: $? = 0
configure:14651: result: yes
configure:14663: checking IPv6 flowlabel support
configure:14681: riscv64-musl-gcc -c -g -O2 -Wall   conftest.c >&5
conftest.c:28:31: fatal error: linux/in6.h: No such file or directory
   28 |                      #include <linux/in6.h>
      |                               ^~~~~~~~~~~~~
compilation terminated.
configure:14681: $? = 1
configure: failed program was:
| /* confdefs.h */
| #define PACKAGE_NAME "iperf"
| #define PACKAGE_TARNAME "iperf"
| #define PACKAGE_VERSION "3.13"
| #define PACKAGE_STRING "iperf 3.13"
| #define PACKAGE_BUGREPORT "https://github.com/esnet/iperf"
| #define PACKAGE_URL "https://software.es.net/iperf/"
| #define PACKAGE "iperf"
| #define VERSION "3.13"
| #define HAVE_STDIO_H 1
| #define HAVE_STDLIB_H 1
| #define HAVE_STRING_H 1
| #define HAVE_INTTYPES_H 1
| #define HAVE_STDINT_H 1
| #define HAVE_STRINGS_H 1
| #define HAVE_SYS_STAT_H 1
| #define HAVE_SYS_TYPES_H 1
| #define HAVE_UNISTD_H 1
| #define STDC_HEADERS 1
| #define HAVE_DLFCN_H 1
| #define LT_OBJDIR ".libs/"
| #define HAVE_POLL_H 1
| #define HAVE_ENDIAN_H 1
| #define HAVE_TCP_CONGESTION 1
| #define HAVE_TCP_USER_TIMEOUT 1
| /* end confdefs.h.  */
| #include <sys/types.h>
|                      #include <linux/in6.h>
| int
| main (void)
| {
| int foo = IPV6_FLOWLABEL_MGR;
|   ;
|   return 0;
| }
configure:14689: result: no
configure:14706: checking for cpuset_setaffinity
configure:14706: riscv64-musl-gcc -o conftest -g -O2 -Wall    --static  conftest.c -lssl -lcrypto  >&5
/usr/lib/gcc-cross/riscv64-linux-gnu/11/../../../../riscv64-linux-gnu/bin/ld: cannot find -lssl: No such file or directory
/usr/lib/gcc-cross/riscv64-linux-gnu/11/../../../../riscv64-linux-gnu/bin/ld: cannot find -lcrypto: No such file or directory
collect2: error: ld returned 1 exit status
configure:14706: $? = 1
configure: failed program was:
| /* confdefs.h */
| #define PACKAGE_NAME "iperf"
| #define PACKAGE_TARNAME "iperf"
| #define PACKAGE_VERSION "3.13"
| #define PACKAGE_STRING "iperf 3.13"
| #define PACKAGE_BUGREPORT "https://github.com/esnet/iperf"
| #define PACKAGE_URL "https://software.es.net/iperf/"
| #define PACKAGE "iperf"
| #define VERSION "3.13"
| #define HAVE_STDIO_H 1
| #define HAVE_STDLIB_H 1
| #define HAVE_STRING_H 1
| #define HAVE_INTTYPES_H 1
| #define HAVE_STDINT_H 1
| #define HAVE_STRINGS_H 1
| #define HAVE_SYS_STAT_H 1
| #define HAVE_SYS_TYPES_H 1
| #define HAVE_UNISTD_H 1
| #define STDC_HEADERS 1
| #define HAVE_DLFCN_H 1
| #define LT_OBJDIR ".libs/"
| #define HAVE_POLL_H 1
| #define HAVE_ENDIAN_H 1
| #define HAVE_TCP_CONGESTION 1
| #define HAVE_TCP_USER_TIMEOUT 1
| /* end confdefs.h.  */
| /* Define cpuset_setaffinity to an innocuous variant, in case <limits.h> declares cpuset_setaffinity.
|    For example, HP-UX 11i <limits.h> declares gettimeofday.  */
| #define cpuset_setaffinity innocuous_cpuset_setaffinity
| 
| /* System header to define __stub macros and hopefully few prototypes,
|    which can conflict with char cpuset_setaffinity (); below.  */
| 
| #include <limits.h>
| #undef cpuset_setaffinity
| 
| /* Override any GCC internal prototype to avoid an error.
|    Use char because int might match the return type of a GCC
|    builtin and then its argument prototype would still apply.  */
| #ifdef __cplusplus
| extern "C"
| #endif
| char cpuset_setaffinity ();
| /* The GNU C library defines this for functions which it implements
|     to always fail with ENOSYS.  Some functions are actually named
|     something starting with __ and the normal name is an alias.  */
| #if defined __stub_cpuset_setaffinity || defined __stub___cpuset_setaffinity
| choke me
| #endif
| 
| int
| main (void)
| {
| return cpuset_setaffinity ();
|   ;
|   return 0;
| }
configure:14706: result: no
configure:14706: checking for sched_setaffinity
configure:14706: riscv64-musl-gcc -o conftest -g -O2 -Wall    --static  conftest.c -lssl -lcrypto  >&5
/usr/lib/gcc-cross/riscv64-linux-gnu/11/../../../../riscv64-linux-gnu/bin/ld: cannot find -lssl: No such file or directory
/usr/lib/gcc-cross/riscv64-linux-gnu/11/../../../../riscv64-linux-gnu/bin/ld: cannot find -lcrypto: No such file or directory
collect2: error: ld returned 1 exit status
configure:14706: $? = 1
configure: failed program was:
| /* confdefs.h */
| #define PACKAGE_NAME "iperf"
| #define PACKAGE_TARNAME "iperf"
| #define PACKAGE_VERSION "3.13"
| #define PACKAGE_STRING "iperf 3.13"
| #define PACKAGE_BUGREPORT "https://github.com/esnet/iperf"
| #define PACKAGE_URL "https://software.es.net/iperf/"
| #define PACKAGE "iperf"
| #define VERSION "3.13"
| #define HAVE_STDIO_H 1
| #define HAVE_STDLIB_H 1
| #define HAVE_STRING_H 1
| #define HAVE_INTTYPES_H 1
| #define HAVE_STDINT_H 1
| #define HAVE_STRINGS_H 1
| #define HAVE_SYS_STAT_H 1
| #define HAVE_SYS_TYPES_H 1
| #define HAVE_UNISTD_H 1
| #define STDC_HEADERS 1
| #define HAVE_DLFCN_H 1
| #define LT_OBJDIR ".libs/"
| #define HAVE_POLL_H 1
| #define HAVE_ENDIAN_H 1
| #define HAVE_TCP_CONGESTION 1
| #define HAVE_TCP_USER_TIMEOUT 1
| /* end confdefs.h.  */
| /* Define sched_setaffinity to an innocuous variant, in case <limits.h> declares sched_setaffinity.
|    For example, HP-UX 11i <limits.h> declares gettimeofday.  */
| #define sched_setaffinity innocuous_sched_setaffinity
| 
| /* System header to define __stub macros and hopefully few prototypes,
|    which can conflict with char sched_setaffinity (); below.  */
| 
| #include <limits.h>
| #undef sched_setaffinity
| 
| /* Override any GCC internal prototype to avoid an error.
|    Use char because int might match the return type of a GCC
|    builtin and then its argument prototype would still apply.  */
| #ifdef __cplusplus
| extern "C"
| #endif
| char sched_setaffinity ();
| /* The GNU C library defines this for functions which it implements
|     to always fail with ENOSYS.  Some functions are actually named
|     something starting with __ and the normal name is an alias.  */
| #if defined __stub_sched_setaffinity || defined __stub___sched_setaffinity
| choke me
| #endif
| 
| int
| main (void)
| {
| return sched_setaffinity ();
|   ;
|   return 0;
| }
configure:14706: result: no
configure:14706: checking for SetProcessAffinityMask
configure:14706: riscv64-musl-gcc -o conftest -g -O2 -Wall    --static  conftest.c -lssl -lcrypto  >&5
/usr/lib/gcc-cross/riscv64-linux-gnu/11/../../../../riscv64-linux-gnu/bin/ld: cannot find -lssl: No such file or directory
/usr/lib/gcc-cross/riscv64-linux-gnu/11/../../../../riscv64-linux-gnu/bin/ld: cannot find -lcrypto: No such file or directory
collect2: error: ld returned 1 exit status
configure:14706: $? = 1
configure: failed program was:
| /* confdefs.h */
| #define PACKAGE_NAME "iperf"
| #define PACKAGE_TARNAME "iperf"
| #define PACKAGE_VERSION "3.13"
| #define PACKAGE_STRING "iperf 3.13"
| #define PACKAGE_BUGREPORT "https://github.com/esnet/iperf"
| #define PACKAGE_URL "https://software.es.net/iperf/"
| #define PACKAGE "iperf"
| #define VERSION "3.13"
| #define HAVE_STDIO_H 1
| #define HAVE_STDLIB_H 1
| #define HAVE_STRING_H 1
| #define HAVE_INTTYPES_H 1
| #define HAVE_STDINT_H 1
| #define HAVE_STRINGS_H 1
| #define HAVE_SYS_STAT_H 1
| #define HAVE_SYS_TYPES_H 1
| #define HAVE_UNISTD_H 1
| #define STDC_HEADERS 1
| #define HAVE_DLFCN_H 1
| #define LT_OBJDIR ".libs/"
| #define HAVE_POLL_H 1
| #define HAVE_ENDIAN_H 1
| #define HAVE_TCP_CONGESTION 1
| #define HAVE_TCP_USER_TIMEOUT 1
| /* end confdefs.h.  */
| /* Define SetProcessAffinityMask to an innocuous variant, in case <limits.h> declares SetProcessAffinityMask.
|    For example, HP-UX 11i <limits.h> declares gettimeofday.  */
| #define SetProcessAffinityMask innocuous_SetProcessAffinityMask
| 
| /* System header to define __stub macros and hopefully few prototypes,
|    which can conflict with char SetProcessAffinityMask (); below.  */
| 
| #include <limits.h>
| #undef SetProcessAffinityMask
| 
| /* Override any GCC internal prototype to avoid an error.
|    Use char because int might match the return type of a GCC
|    builtin and then its argument prototype would still apply.  */
| #ifdef __cplusplus
| extern "C"
| #endif
| char SetProcessAffinityMask ();
| /* The GNU C library defines this for functions which it implements
|     to always fail with ENOSYS.  Some functions are actually named
|     something starting with __ and the normal name is an alias.  */
| #if defined __stub_SetProcessAffinityMask || defined __stub___SetProcessAffinityMask
| choke me
| #endif
| 
| int
| main (void)
| {
| return SetProcessAffinityMask ();
|   ;
|   return 0;
| }
configure:14706: result: no
configure:14720: checking for daemon
configure:14720: riscv64-musl-gcc -o conftest -g -O2 -Wall    --static  conftest.c -lssl -lcrypto  >&5
/usr/lib/gcc-cross/riscv64-linux-gnu/11/../../../../riscv64-linux-gnu/bin/ld: cannot find -lssl: No such file or directory
/usr/lib/gcc-cross/riscv64-linux-gnu/11/../../../../riscv64-linux-gnu/bin/ld: cannot find -lcrypto: No such file or directory
collect2: error: ld returned 1 exit status
configure:14720: $? = 1
configure: failed program was:
| /* confdefs.h */
| #define PACKAGE_NAME "iperf"
| #define PACKAGE_TARNAME "iperf"
| #define PACKAGE_VERSION "3.13"
| #define PACKAGE_STRING "iperf 3.13"
| #define PACKAGE_BUGREPORT "https://github.com/esnet/iperf"
| #define PACKAGE_URL "https://software.es.net/iperf/"
| #define PACKAGE "iperf"
| #define VERSION "3.13"
| #define HAVE_STDIO_H 1
| #define HAVE_STDLIB_H 1
| #define HAVE_STRING_H 1
| #define HAVE_INTTYPES_H 1
| #define HAVE_STDINT_H 1
| #define HAVE_STRINGS_H 1
| #define HAVE_SYS_STAT_H 1
| #define HAVE_SYS_TYPES_H 1
| #define HAVE_UNISTD_H 1
| #define STDC_HEADERS 1
| #define HAVE_DLFCN_H 1
| #define LT_OBJDIR ".libs/"
| #define HAVE_POLL_H 1
| #define HAVE_ENDIAN_H 1
| #define HAVE_TCP_CONGESTION 1
| #define HAVE_TCP_USER_TIMEOUT 1
| /* end confdefs.h.  */
| /* Define daemon to an innocuous variant, in case <limits.h> declares daemon.
|    For example, HP-UX 11i <limits.h> declares gettimeofday.  */
| #define daemon innocuous_daemon
| 
| /* System header to define __stub macros and hopefully few prototypes,
|    which can conflict with char daemon (); below.  */
| 
| #include <limits.h>
| #undef daemon
| 
| /* Override any GCC internal prototype to avoid an error.
|    Use char because int might match the return type of a GCC
|    builtin and then its argument prototype would still apply.  */
| #ifdef __cplusplus
| extern "C"
| #endif
| char daemon ();
| /* The GNU C library defines this for functions which it implements
|     to always fail with ENOSYS.  Some functions are actually named
|     something starting with __ and the normal name is an alias.  */
| #if defined __stub_daemon || defined __stub___daemon
| choke me
| #endif
| 
| int
| main (void)
| {
| return daemon ();
|   ;
|   return 0;
| }
configure:14720: result: no
configure:14731: checking for sendfile
configure:14731: riscv64-musl-gcc -o conftest -g -O2 -Wall    --static  conftest.c -lssl -lcrypto  >&5
/usr/lib/gcc-cross/riscv64-linux-gnu/11/../../../../riscv64-linux-gnu/bin/ld: cannot find -lssl: No such file or directory
/usr/lib/gcc-cross/riscv64-linux-gnu/11/../../../../riscv64-linux-gnu/bin/ld: cannot find -lcrypto: No such file or directory
collect2: error: ld returned 1 exit status
configure:14731: $? = 1
configure: failed program was:
| /* confdefs.h */
| #define PACKAGE_NAME "iperf"
| #define PACKAGE_TARNAME "iperf"
| #define PACKAGE_VERSION "3.13"
| #define PACKAGE_STRING "iperf 3.13"
| #define PACKAGE_BUGREPORT "https://github.com/esnet/iperf"
| #define PACKAGE_URL "https://software.es.net/iperf/"
| #define PACKAGE "iperf"
| #define VERSION "3.13"
| #define HAVE_STDIO_H 1
| #define HAVE_STDLIB_H 1
| #define HAVE_STRING_H 1
| #define HAVE_INTTYPES_H 1
| #define HAVE_STDINT_H 1
| #define HAVE_STRINGS_H 1
| #define HAVE_SYS_STAT_H 1
| #define HAVE_SYS_TYPES_H 1
| #define HAVE_UNISTD_H 1
| #define STDC_HEADERS 1
| #define HAVE_DLFCN_H 1
| #define LT_OBJDIR ".libs/"
| #define HAVE_POLL_H 1
| #define HAVE_ENDIAN_H 1
| #define HAVE_TCP_CONGESTION 1
| #define HAVE_TCP_USER_TIMEOUT 1
| /* end confdefs.h.  */
| /* Define sendfile to an innocuous variant, in case <limits.h> declares sendfile.
|    For example, HP-UX 11i <limits.h> declares gettimeofday.  */
| #define sendfile innocuous_sendfile
| 
| /* System header to define __stub macros and hopefully few prototypes,
|    which can conflict with char sendfile (); below.  */
| 
| #include <limits.h>
| #undef sendfile
| 
| /* Override any GCC internal prototype to avoid an error.
|    Use char because int might match the return type of a GCC
|    builtin and then its argument prototype would still apply.  */
| #ifdef __cplusplus
| extern "C"
| #endif
| char sendfile ();
| /* The GNU C library defines this for functions which it implements
|     to always fail with ENOSYS.  Some functions are actually named
|     something starting with __ and the normal name is an alias.  */
| #if defined __stub_sendfile || defined __stub___sendfile
| choke me
| #endif
| 
| int
| main (void)
| {
| return sendfile ();
|   ;
|   return 0;
| }
configure:14731: result: no
configure:14741: checking for getline
configure:14741: riscv64-musl-gcc -o conftest -g -O2 -Wall    --static  conftest.c -lssl -lcrypto  >&5
/usr/lib/gcc-cross/riscv64-linux-gnu/11/../../../../riscv64-linux-gnu/bin/ld: cannot find -lssl: No such file or directory
/usr/lib/gcc-cross/riscv64-linux-gnu/11/../../../../riscv64-linux-gnu/bin/ld: cannot find -lcrypto: No such file or directory
collect2: error: ld returned 1 exit status
configure:14741: $? = 1
configure: failed program was:
| /* confdefs.h */
| #define PACKAGE_NAME "iperf"
| #define PACKAGE_TARNAME "iperf"
| #define PACKAGE_VERSION "3.13"
| #define PACKAGE_STRING "iperf 3.13"
| #define PACKAGE_BUGREPORT "https://github.com/esnet/iperf"
| #define PACKAGE_URL "https://software.es.net/iperf/"
| #define PACKAGE "iperf"
| #define VERSION "3.13"
| #define HAVE_STDIO_H 1
| #define HAVE_STDLIB_H 1
| #define HAVE_STRING_H 1
| #define HAVE_INTTYPES_H 1
| #define HAVE_STDINT_H 1
| #define HAVE_STRINGS_H 1
| #define HAVE_SYS_STAT_H 1
| #define HAVE_SYS_TYPES_H 1
| #define HAVE_UNISTD_H 1
| #define STDC_HEADERS 1
| #define HAVE_DLFCN_H 1
| #define LT_OBJDIR ".libs/"
| #define HAVE_POLL_H 1
| #define HAVE_ENDIAN_H 1
| #define HAVE_TCP_CONGESTION 1
| #define HAVE_TCP_USER_TIMEOUT 1
| /* end confdefs.h.  */
| /* Define getline to an innocuous variant, in case <limits.h> declares getline.
|    For example, HP-UX 11i <limits.h> declares gettimeofday.  */
| #define getline innocuous_getline
| 
| /* System header to define __stub macros and hopefully few prototypes,
|    which can conflict with char getline (); below.  */
| 
| #include <limits.h>
| #undef getline
| 
| /* Override any GCC internal prototype to avoid an error.
|    Use char because int might match the return type of a GCC
|    builtin and then its argument prototype would still apply.  */
| #ifdef __cplusplus
| extern "C"
| #endif
| char getline ();
| /* The GNU C library defines this for functions which it implements
|     to always fail with ENOSYS.  Some functions are actually named
|     something starting with __ and the normal name is an alias.  */
| #if defined __stub_getline || defined __stub___getline
| choke me
| #endif
| 
| int
| main (void)
| {
| return getline ();
|   ;
|   return 0;
| }
configure:14741: result: no
configure:14750: checking SO_MAX_PACING_RATE socket option
configure:14767: riscv64-musl-gcc -c -g -O2 -Wall   conftest.c >&5
conftest.c: In function 'main':
conftest.c:31:5: warning: unused variable 'foo' [-Wunused-variable]
   31 | int foo = SO_MAX_PACING_RATE;
      |     ^~~
configure:14767: $? = 0
configure:14775: result: yes
configure:14784: checking SO_BINDTODEVICE socket option
configure:14801: riscv64-musl-gcc -c -g -O2 -Wall   conftest.c >&5
conftest.c: In function 'main':
conftest.c:32:5: warning: unused variable 'foo' [-Wunused-variable]
   32 | int foo = SO_BINDTODEVICE;
      |     ^~~
configure:14801: $? = 0
configure:14809: result: yes
configure:14818: checking IP_MTU_DISCOVER socket option
configure:14837: riscv64-musl-gcc -c -g -O2 -Wall   conftest.c >&5
conftest.c: In function 'main':
conftest.c:35:5: warning: unused variable 'foo' [-Wunused-variable]
   35 | int foo = IP_MTU_DISCOVER;
      |     ^~~
configure:14837: $? = 0
configure:14845: result: yes
configure:14854: checking IP_DONTFRAG socket option
configure:14873: riscv64-musl-gcc -c -g -O2 -Wall   conftest.c >&5
conftest.c: In function 'main':
conftest.c:36:11: error: 'IP_DONTFRAG' undeclared (first use in this function); did you mean 'IPV6_DONTFRAG'?
   36 | int foo = IP_DONTFRAG;
      |           ^~~~~~~~~~~
      |           IPV6_DONTFRAG
conftest.c:36:11: note: each undeclared identifier is reported only once for each function it appears in
conftest.c:36:5: warning: unused variable 'foo' [-Wunused-variable]
   36 | int foo = IP_DONTFRAG;
      |     ^~~
configure:14873: $? = 1
configure: failed program was:
| /* confdefs.h */
| #define PACKAGE_NAME "iperf"
| #define PACKAGE_TARNAME "iperf"
| #define PACKAGE_VERSION "3.13"
| #define PACKAGE_STRING "iperf 3.13"
| #define PACKAGE_BUGREPORT "https://github.com/esnet/iperf"
| #define PACKAGE_URL "https://software.es.net/iperf/"
| #define PACKAGE "iperf"
| #define VERSION "3.13"
| #define HAVE_STDIO_H 1
| #define HAVE_STDLIB_H 1
| #define HAVE_STRING_H 1
| #define HAVE_INTTYPES_H 1
| #define HAVE_STDINT_H 1
| #define HAVE_STRINGS_H 1
| #define HAVE_SYS_STAT_H 1
| #define HAVE_SYS_TYPES_H 1
| #define HAVE_UNISTD_H 1
| #define STDC_HEADERS 1
| #define HAVE_DLFCN_H 1
| #define LT_OBJDIR ".libs/"
| #define HAVE_POLL_H 1
| #define HAVE_ENDIAN_H 1
| #define HAVE_TCP_CONGESTION 1
| #define HAVE_TCP_USER_TIMEOUT 1
| #define HAVE_SO_MAX_PACING_RATE 1
| #define HAVE_SO_BINDTODEVICE 1
| #define HAVE_IP_MTU_DISCOVER 1
| /* end confdefs.h.  */
| #include <sys/types.h>
|                      #include <sys/socket.h>
|                      #include <netinet/in.h>
| int
| main (void)
| {
| int foo = IP_DONTFRAG;
|   ;
|   return 0;
| }
configure:14881: result: no
configure:14890: checking IP_DONTFRAGMENT socket option
configure:14909: riscv64-musl-gcc -c -g -O2 -Wall   conftest.c >&5
conftest.c: In function 'main':
conftest.c:36:11: error: 'IP_DONTFRAGMENT' undeclared (first use in this function); did you mean 'IPPROTO_FRAGMENT'?
   36 | int foo = IP_DONTFRAGMENT;
      |           ^~~~~~~~~~~~~~~
      |           IPPROTO_FRAGMENT
conftest.c:36:11: note: each undeclared identifier is reported only once for each function it appears in
conftest.c:36:5: warning: unused variable 'foo' [-Wunused-variable]
   36 | int foo = IP_DONTFRAGMENT;
      |     ^~~
configure:14909: $? = 1
configure: failed program was:
| /* confdefs.h */
| #define PACKAGE_NAME "iperf"
| #define PACKAGE_TARNAME "iperf"
| #define PACKAGE_VERSION "3.13"
| #define PACKAGE_STRING "iperf 3.13"
| #define PACKAGE_BUGREPORT "https://github.com/esnet/iperf"
| #define PACKAGE_URL "https://software.es.net/iperf/"
| #define PACKAGE "iperf"
| #define VERSION "3.13"
| #define HAVE_STDIO_H 1
| #define HAVE_STDLIB_H 1
| #define HAVE_STRING_H 1
| #define HAVE_INTTYPES_H 1
| #define HAVE_STDINT_H 1
| #define HAVE_STRINGS_H 1
| #define HAVE_SYS_STAT_H 1
| #define HAVE_SYS_TYPES_H 1
| #define HAVE_UNISTD_H 1
| #define STDC_HEADERS 1
| #define HAVE_DLFCN_H 1
| #define LT_OBJDIR ".libs/"
| #define HAVE_POLL_H 1
| #define HAVE_ENDIAN_H 1
| #define HAVE_TCP_CONGESTION 1
| #define HAVE_TCP_USER_TIMEOUT 1
| #define HAVE_SO_MAX_PACING_RATE 1
| #define HAVE_SO_BINDTODEVICE 1
| #define HAVE_IP_MTU_DISCOVER 1
| /* end confdefs.h.  */
| #include <sys/types.h>
|                      #include <sys/socket.h>
|                      #include <netinet/in.h>
| int
| main (void)
| {
| int foo = IP_DONTFRAGMENT;
|   ;
|   return 0;
| }
configure:14917: result: no
configure:14926: checking any kind of DF socket option
configure:14938: result: yes
configure:14950: checking for struct tcp_info.tcpi_snd_wnd
configure:14950: riscv64-musl-gcc -c -g -O2 -Wall   conftest.c >&5
conftest.c: In function 'main':
conftest.c:42:24: error: storage size of 'ac_aggr' isn't known
   42 | static struct tcp_info ac_aggr;
      |                        ^~~~~~~
conftest.c:42:24: warning: unused variable 'ac_aggr' [-Wunused-variable]
configure:14950: $? = 1
configure: failed program was:
| /* confdefs.h */
| #define PACKAGE_NAME "iperf"
| #define PACKAGE_TARNAME "iperf"
| #define PACKAGE_VERSION "3.13"
| #define PACKAGE_STRING "iperf 3.13"
| #define PACKAGE_BUGREPORT "https://github.com/esnet/iperf"
| #define PACKAGE_URL "https://software.es.net/iperf/"
| #define PACKAGE "iperf"
| #define VERSION "3.13"
| #define HAVE_STDIO_H 1
| #define HAVE_STDLIB_H 1
| #define HAVE_STRING_H 1
| #define HAVE_INTTYPES_H 1
| #define HAVE_STDINT_H 1
| #define HAVE_STRINGS_H 1
| #define HAVE_SYS_STAT_H 1
| #define HAVE_SYS_TYPES_H 1
| #define HAVE_UNISTD_H 1
| #define STDC_HEADERS 1
| #define HAVE_DLFCN_H 1
| #define LT_OBJDIR ".libs/"
| #define HAVE_POLL_H 1
| #define HAVE_ENDIAN_H 1
| #define HAVE_TCP_CONGESTION 1
| #define HAVE_TCP_USER_TIMEOUT 1
| #define HAVE_SO_MAX_PACING_RATE 1
| #define HAVE_SO_BINDTODEVICE 1
| #define HAVE_IP_MTU_DISCOVER 1
| #define HAVE_DONT_FRAGMENT 1
| /* end confdefs.h.  */
| #ifdef HAVE_LINUX_TCP_H
| #include <linux/tcp.h>
| #else
| #include <sys/types.h>
| #include <netinet/tcp.h>
| #endif
| 
| 
| int
| main (void)
| {
| static struct tcp_info ac_aggr;
| if (ac_aggr.tcpi_snd_wnd)
| return 0;
|   ;
|   return 0;
| }
configure:14950: riscv64-musl-gcc -c -g -O2 -Wall   conftest.c >&5
conftest.c: In function 'main':
conftest.c:42:24: error: storage size of 'ac_aggr' isn't known
   42 | static struct tcp_info ac_aggr;
      |                        ^~~~~~~
conftest.c:42:24: warning: unused variable 'ac_aggr' [-Wunused-variable]
configure:14950: $? = 1
configure: failed program was:
| /* confdefs.h */
| #define PACKAGE_NAME "iperf"
| #define PACKAGE_TARNAME "iperf"
| #define PACKAGE_VERSION "3.13"
| #define PACKAGE_STRING "iperf 3.13"
| #define PACKAGE_BUGREPORT "https://github.com/esnet/iperf"
| #define PACKAGE_URL "https://software.es.net/iperf/"
| #define PACKAGE "iperf"
| #define VERSION "3.13"
| #define HAVE_STDIO_H 1
| #define HAVE_STDLIB_H 1
| #define HAVE_STRING_H 1
| #define HAVE_INTTYPES_H 1
| #define HAVE_STDINT_H 1
| #define HAVE_STRINGS_H 1
| #define HAVE_SYS_STAT_H 1
| #define HAVE_SYS_TYPES_H 1
| #define HAVE_UNISTD_H 1
| #define STDC_HEADERS 1
| #define HAVE_DLFCN_H 1
| #define LT_OBJDIR ".libs/"
| #define HAVE_POLL_H 1
| #define HAVE_ENDIAN_H 1
| #define HAVE_TCP_CONGESTION 1
| #define HAVE_TCP_USER_TIMEOUT 1
| #define HAVE_SO_MAX_PACING_RATE 1
| #define HAVE_SO_BINDTODEVICE 1
| #define HAVE_IP_MTU_DISCOVER 1
| #define HAVE_DONT_FRAGMENT 1
| /* end confdefs.h.  */
| #ifdef HAVE_LINUX_TCP_H
| #include <linux/tcp.h>
| #else
| #include <sys/types.h>
| #include <netinet/tcp.h>
| #endif
| 
| 
| int
| main (void)
| {
| static struct tcp_info ac_aggr;
| if (sizeof ac_aggr.tcpi_snd_wnd)
| return 0;
|   ;
|   return 0;
| }
configure:14950: result: no
configure:14973: checking for library containing clock_gettime
configure:15003: riscv64-musl-gcc -o conftest -g -O2 -Wall    --static  conftest.c -lssl -lcrypto  >&5
/usr/lib/gcc-cross/riscv64-linux-gnu/11/../../../../riscv64-linux-gnu/bin/ld: cannot find -lssl: No such file or directory
/usr/lib/gcc-cross/riscv64-linux-gnu/11/../../../../riscv64-linux-gnu/bin/ld: cannot find -lcrypto: No such file or directory
collect2: error: ld returned 1 exit status
configure:15003: $? = 1
configure: failed program was:
| /* confdefs.h */
| #define PACKAGE_NAME "iperf"
| #define PACKAGE_TARNAME "iperf"
| #define PACKAGE_VERSION "3.13"
| #define PACKAGE_STRING "iperf 3.13"
| #define PACKAGE_BUGREPORT "https://github.com/esnet/iperf"
| #define PACKAGE_URL "https://software.es.net/iperf/"
| #define PACKAGE "iperf"
| #define VERSION "3.13"
| #define HAVE_STDIO_H 1
| #define HAVE_STDLIB_H 1
| #define HAVE_STRING_H 1
| #define HAVE_INTTYPES_H 1
| #define HAVE_STDINT_H 1
| #define HAVE_STRINGS_H 1
| #define HAVE_SYS_STAT_H 1
| #define HAVE_SYS_TYPES_H 1
| #define HAVE_UNISTD_H 1
| #define STDC_HEADERS 1
| #define HAVE_DLFCN_H 1
| #define LT_OBJDIR ".libs/"
| #define HAVE_POLL_H 1
| #define HAVE_ENDIAN_H 1
| #define HAVE_TCP_CONGESTION 1
| #define HAVE_TCP_USER_TIMEOUT 1
| #define HAVE_SO_MAX_PACING_RATE 1
| #define HAVE_SO_BINDTODEVICE 1
| #define HAVE_IP_MTU_DISCOVER 1
| #define HAVE_DONT_FRAGMENT 1
| /* end confdefs.h.  */
| 
| /* Override any GCC internal prototype to avoid an error.
|    Use char because int might match the return type of a GCC
|    builtin and then its argument prototype would still apply.  */
| char clock_gettime ();
| int
| main (void)
| {
| return clock_gettime ();
|   ;
|   return 0;
| }
configure:15003: riscv64-musl-gcc -o conftest -g -O2 -Wall    --static  conftest.c -lrt  -lssl -lcrypto  >&5
/usr/lib/gcc-cross/riscv64-linux-gnu/11/../../../../riscv64-linux-gnu/bin/ld: cannot find -lssl: No such file or directory
/usr/lib/gcc-cross/riscv64-linux-gnu/11/../../../../riscv64-linux-gnu/bin/ld: cannot find -lcrypto: No such file or directory
collect2: error: ld returned 1 exit status
configure:15003: $? = 1
configure: failed program was:
| /* confdefs.h */
| #define PACKAGE_NAME "iperf"
| #define PACKAGE_TARNAME "iperf"
| #define PACKAGE_VERSION "3.13"
| #define PACKAGE_STRING "iperf 3.13"
| #define PACKAGE_BUGREPORT "https://github.com/esnet/iperf"
| #define PACKAGE_URL "https://software.es.net/iperf/"
| #define PACKAGE "iperf"
| #define VERSION "3.13"
| #define HAVE_STDIO_H 1
| #define HAVE_STDLIB_H 1
| #define HAVE_STRING_H 1
| #define HAVE_INTTYPES_H 1
| #define HAVE_STDINT_H 1
| #define HAVE_STRINGS_H 1
| #define HAVE_SYS_STAT_H 1
| #define HAVE_SYS_TYPES_H 1
| #define HAVE_UNISTD_H 1
| #define STDC_HEADERS 1
| #define HAVE_DLFCN_H 1
| #define LT_OBJDIR ".libs/"
| #define HAVE_POLL_H 1
| #define HAVE_ENDIAN_H 1
| #define HAVE_TCP_CONGESTION 1
| #define HAVE_TCP_USER_TIMEOUT 1
| #define HAVE_SO_MAX_PACING_RATE 1
| #define HAVE_SO_BINDTODEVICE 1
| #define HAVE_IP_MTU_DISCOVER 1
| #define HAVE_DONT_FRAGMENT 1
| /* end confdefs.h.  */
| 
| /* Override any GCC internal prototype to avoid an error.
|    Use char because int might match the return type of a GCC
|    builtin and then its argument prototype would still apply.  */
| char clock_gettime ();
| int
| main (void)
| {
| return clock_gettime ();
|   ;
|   return 0;
| }
configure:15003: riscv64-musl-gcc -o conftest -g -O2 -Wall    --static  conftest.c -lposix4  -lssl -lcrypto  >&5
/usr/lib/gcc-cross/riscv64-linux-gnu/11/../../../../riscv64-linux-gnu/bin/ld: cannot find -lposix4: No such file or directory
/usr/lib/gcc-cross/riscv64-linux-gnu/11/../../../../riscv64-linux-gnu/bin/ld: cannot find -lssl: No such file or directory
/usr/lib/gcc-cross/riscv64-linux-gnu/11/../../../../riscv64-linux-gnu/bin/ld: cannot find -lcrypto: No such file or directory
collect2: error: ld returned 1 exit status
configure:15003: $? = 1
configure: failed program was:
| /* confdefs.h */
| #define PACKAGE_NAME "iperf"
| #define PACKAGE_TARNAME "iperf"
| #define PACKAGE_VERSION "3.13"
| #define PACKAGE_STRING "iperf 3.13"
| #define PACKAGE_BUGREPORT "https://github.com/esnet/iperf"
| #define PACKAGE_URL "https://software.es.net/iperf/"
| #define PACKAGE "iperf"
| #define VERSION "3.13"
| #define HAVE_STDIO_H 1
| #define HAVE_STDLIB_H 1
| #define HAVE_STRING_H 1
| #define HAVE_INTTYPES_H 1
| #define HAVE_STDINT_H 1
| #define HAVE_STRINGS_H 1
| #define HAVE_SYS_STAT_H 1
| #define HAVE_SYS_TYPES_H 1
| #define HAVE_UNISTD_H 1
| #define STDC_HEADERS 1
| #define HAVE_DLFCN_H 1
| #define LT_OBJDIR ".libs/"
| #define HAVE_POLL_H 1
| #define HAVE_ENDIAN_H 1
| #define HAVE_TCP_CONGESTION 1
| #define HAVE_TCP_USER_TIMEOUT 1
| #define HAVE_SO_MAX_PACING_RATE 1
| #define HAVE_SO_BINDTODEVICE 1
| #define HAVE_IP_MTU_DISCOVER 1
| #define HAVE_DONT_FRAGMENT 1
| /* end confdefs.h.  */
| 
| /* Override any GCC internal prototype to avoid an error.
|    Use char because int might match the return type of a GCC
|    builtin and then its argument prototype would still apply.  */
| char clock_gettime ();
| int
| main (void)
| {
| return clock_gettime ();
|   ;
|   return 0;
| }
configure:15023: result: no
configure:15033: checking for clock_gettime
configure:15033: riscv64-musl-gcc -o conftest -g -O2 -Wall    --static  conftest.c -lssl -lcrypto  >&5
/usr/lib/gcc-cross/riscv64-linux-gnu/11/../../../../riscv64-linux-gnu/bin/ld: cannot find -lssl: No such file or directory
/usr/lib/gcc-cross/riscv64-linux-gnu/11/../../../../riscv64-linux-gnu/bin/ld: cannot find -lcrypto: No such file or directory
collect2: error: ld returned 1 exit status
configure:15033: $? = 1
configure: failed program was:
| /* confdefs.h */
| #define PACKAGE_NAME "iperf"
| #define PACKAGE_TARNAME "iperf"
| #define PACKAGE_VERSION "3.13"
| #define PACKAGE_STRING "iperf 3.13"
| #define PACKAGE_BUGREPORT "https://github.com/esnet/iperf"
| #define PACKAGE_URL "https://software.es.net/iperf/"
| #define PACKAGE "iperf"
| #define VERSION "3.13"
| #define HAVE_STDIO_H 1
| #define HAVE_STDLIB_H 1
| #define HAVE_STRING_H 1
| #define HAVE_INTTYPES_H 1
| #define HAVE_STDINT_H 1
| #define HAVE_STRINGS_H 1
| #define HAVE_SYS_STAT_H 1
| #define HAVE_SYS_TYPES_H 1
| #define HAVE_UNISTD_H 1
| #define STDC_HEADERS 1
| #define HAVE_DLFCN_H 1
| #define LT_OBJDIR ".libs/"
| #define HAVE_POLL_H 1
| #define HAVE_ENDIAN_H 1
| #define HAVE_TCP_CONGESTION 1
| #define HAVE_TCP_USER_TIMEOUT 1
| #define HAVE_SO_MAX_PACING_RATE 1
| #define HAVE_SO_BINDTODEVICE 1
| #define HAVE_IP_MTU_DISCOVER 1
| #define HAVE_DONT_FRAGMENT 1
| /* end confdefs.h.  */
| /* Define clock_gettime to an innocuous variant, in case <limits.h> declares clock_gettime.
|    For example, HP-UX 11i <limits.h> declares gettimeofday.  */
| #define clock_gettime innocuous_clock_gettime
| 
| /* System header to define __stub macros and hopefully few prototypes,
|    which can conflict with char clock_gettime (); below.  */
| 
| #include <limits.h>
| #undef clock_gettime
| 
| /* Override any GCC internal prototype to avoid an error.
|    Use char because int might match the return type of a GCC
|    builtin and then its argument prototype would still apply.  */
| #ifdef __cplusplus
| extern "C"
| #endif
| char clock_gettime ();
| /* The GNU C library defines this for functions which it implements
|     to always fail with ENOSYS.  Some functions are actually named
|     something starting with __ and the normal name is an alias.  */
| #if defined __stub_clock_gettime || defined __stub___clock_gettime
| choke me
| #endif
| 
| int
| main (void)
| {
| return clock_gettime ();
|   ;
|   return 0;
| }
configure:15033: result: no
configure:15148: checking that generated files are newer than configure
configure:15154: result: done
configure:15189: creating ./config.status

## ---------------------- ##
## Running config.status. ##
## ---------------------- ##

This file was extended by iperf config.status 3.13, which was
generated by GNU Autoconf 2.71.  Invocation command line was

  CONFIG_FILES    = 
  CONFIG_HEADERS  = 
  CONFIG_LINKS    = 
  CONFIG_COMMANDS = 
  $ ./config.status 

on boneinscri-ubuntu

config.status:1106: creating Makefile
config.status:1106: creating src/Makefile
config.status:1106: creating src/version.h
config.status:1106: creating examples/Makefile
config.status:1106: creating iperf3.spec
config.status:1106: creating src/iperf_config.h
config.status:1287: src/iperf_config.h is unchanged
config.status:1335: executing depfiles commands
config.status:1412: cd src       && sed -e '/# am--include-marker/d' Makefile         | make -f - am--depfiles
make[1]: Entering directory '/home/boneinscri/HDU/OS内核赛/决赛/开发流/final7/os_test/apps/iperf/src'
make[1]: Nothing to be done for 'am--depfiles'.
make[1]: Leaving directory '/home/boneinscri/HDU/OS内核赛/决赛/开发流/final7/os_test/apps/iperf/src'
config.status:1417: $? = 0
config.status:1412: cd examples       && sed -e '/# am--include-marker/d' Makefile         | make -f - am--depfiles
make[1]: Entering directory '/home/boneinscri/HDU/OS内核赛/决赛/开发流/final7/os_test/apps/iperf/examples'
make[1]: Nothing to be done for 'am--depfiles'.
make[1]: Leaving directory '/home/boneinscri/HDU/OS内核赛/决赛/开发流/final7/os_test/apps/iperf/examples'
config.status:1417: $? = 0
config.status:1335: executing libtool commands

## ---------------- ##
## Cache variables. ##
## ---------------- ##

ac_cv_build=x86_64-pc-linux-musl
ac_cv_c_compiler_gnu=yes
ac_cv_c_const=yes
ac_cv_env_CC_set=set
ac_cv_env_CC_value=riscv64-musl-gcc
ac_cv_env_CFLAGS_set=
ac_cv_env_CFLAGS_value=
ac_cv_env_CPPFLAGS_set=
ac_cv_env_CPPFLAGS_value=
ac_cv_env_LDFLAGS_set=
ac_cv_env_LDFLAGS_value=
ac_cv_env_LIBS_set=
ac_cv_env_LIBS_value=
ac_cv_env_LT_SYS_LIBRARY_PATH_set=
ac_cv_env_LT_SYS_LIBRARY_PATH_value=
ac_cv_env_build_alias_set=
ac_cv_env_build_alias_value=
ac_cv_env_host_alias_set=set
ac_cv_env_host_alias_value=riscv64-linux-musl
ac_cv_env_target_alias_set=
ac_cv_env_target_alias_value=
ac_cv_func_SetProcessAffinityMask=no
ac_cv_func_clock_gettime=no
ac_cv_func_cpuset_setaffinity=no
ac_cv_func_daemon=no
ac_cv_func_getline=no
ac_cv_func_sched_setaffinity=no
ac_cv_func_sendfile=no
ac_cv_header_dlfcn_h=yes
ac_cv_header_endian_h=yes
ac_cv_header_inttypes_h=yes
ac_cv_header_linux_tcp_h=no
ac_cv_header_poll_h=yes
ac_cv_header_stdint_h=yes
ac_cv_header_stdio_h=yes
ac_cv_header_stdlib_h=yes
ac_cv_header_string_h=yes
ac_cv_header_strings_h=yes
ac_cv_header_sys_stat_h=yes
ac_cv_header_sys_types_h=yes
ac_cv_header_unistd_h=yes
ac_cv_host=riscv64-unknown-linux-musl
ac_cv_member_struct_tcp_info_tcpi_snd_wnd=no
ac_cv_objext=o
ac_cv_path_EGREP='/usr/bin/grep -E'
ac_cv_path_FGREP='/usr/bin/grep -F'
ac_cv_path_GREP=/usr/bin/grep
ac_cv_path_SED=/usr/bin/sed
ac_cv_path_install='/usr/bin/install -c'
ac_cv_path_lt_DD=/usr/bin/dd
ac_cv_path_mkdir=/usr/bin/mkdir
ac_cv_prog_AWK=gawk
ac_cv_prog_CC=riscv64-musl-gcc
ac_cv_prog_RANLIB=ranlib
ac_cv_prog_STRIP=strip
ac_cv_prog_ac_ct_AR=ar
ac_cv_prog_ac_ct_DUMPBIN='link -dump'
ac_cv_prog_ac_ct_FILECMD=file
ac_cv_prog_ac_ct_MANIFEST_TOOL=mt
ac_cv_prog_ac_ct_OBJDUMP=objdump
ac_cv_prog_ac_ct_PKG_CONFIG=pkg-config
ac_cv_prog_ac_ct_RANLIB=ranlib
ac_cv_prog_ac_ct_STRIP=strip
ac_cv_prog_cc_c11=
ac_cv_prog_cc_g=yes
ac_cv_prog_cc_stdc=
ac_cv_prog_make_make_set=yes
ac_cv_search_clock_gettime=no
ac_cv_search_floor='none required'
ac_cv_search_inet_ntop='none required'
ac_cv_search_socket='none required'
am_cv_CC_dependencies_compiler_type=gcc3
am_cv_make_support_nested_variables=yes
am_cv_prog_cc_c_o=yes
iperf3_cv_header_dontfragment=yes
iperf3_cv_header_flowlabel=no
iperf3_cv_header_ip_dontfrag=no
iperf3_cv_header_ip_dontfragment=no
iperf3_cv_header_ip_mtu_discover=yes
iperf3_cv_header_so_bindtodevice=yes
iperf3_cv_header_so_max_pacing_rate=yes
iperf3_cv_header_tcp_congestion=yes
iperf3_cv_header_tcp_info_snd_wnd=no
iperf3_cv_header_tcp_user_timeout=yes
lt_cv_ar_at_file=@
lt_cv_deplibs_check_method=pass_all
lt_cv_file_magic_cmd='$MAGIC_CMD'
lt_cv_file_magic_test_file=
lt_cv_ld_reload_flag=-r
lt_cv_nm_interface='BSD nm'
lt_cv_objdir=.libs
lt_cv_path_LD=/usr/riscv64-linux-gnu/bin/ld
lt_cv_path_NM=no
lt_cv_path_mainfest_tool=no
lt_cv_prog_compiler_c_o=yes
lt_cv_prog_compiler_pic='-fPIC -DPIC'
lt_cv_prog_compiler_pic_works=yes
lt_cv_prog_compiler_rtti_exceptions=no
lt_cv_prog_compiler_static_works=yes
lt_cv_prog_gnu_ld=yes
lt_cv_sharedlib_from_linklib_cmd='printf %s\n'
lt_cv_shlibpath_overrides_runpath=no
lt_cv_sys_global_symbol_pipe='/usr/bin/sed -n -e '\''s/^.*[	 ]\([ABCDGIRSTW][ABCDGIRSTW]*\)[	 ][	 ]*\([_A-Za-z][_A-Za-z0-9]*\)$/\1 \2 \2/p'\'' | /usr/bin/sed '\''/ __gnu_lto/d'\'''
lt_cv_sys_global_symbol_to_c_name_address='/usr/bin/sed -n -e '\''s/^: \(.*\) .*$/  {"\1", (void *) 0},/p'\'' -e '\''s/^[ABCDGIRSTW][ABCDGIRSTW]* .* \(.*\)$/  {"\1", (void *) \&\1},/p'\'''
lt_cv_sys_global_symbol_to_c_name_address_lib_prefix='/usr/bin/sed -n -e '\''s/^: \(.*\) .*$/  {"\1", (void *) 0},/p'\'' -e '\''s/^[ABCDGIRSTW][ABCDGIRSTW]* .* \(lib.*\)$/  {"\1", (void *) \&\1},/p'\'' -e '\''s/^[ABCDGIRSTW][ABCDGIRSTW]* .* \(.*\)$/  {"lib\1", (void *) \&\1},/p'\'''
lt_cv_sys_global_symbol_to_cdecl='/usr/bin/sed -n -e '\''s/^T .* \(.*\)$/extern int \1();/p'\'' -e '\''s/^[ABCDGIRSTW][ABCDGIRSTW]* .* \(.*\)$/extern char \1;/p'\'''
lt_cv_sys_global_symbol_to_import=
lt_cv_sys_max_cmd_len=1572864
lt_cv_to_host_file_cmd=func_convert_file_noop
lt_cv_to_tool_file_cmd=func_convert_file_noop
lt_cv_truncate_bin='/usr/bin/dd bs=4096 count=1'

## ----------------- ##
## Output variables. ##
## ----------------- ##

ACLOCAL='${SHELL} '\''/home/boneinscri/HDU/OS内核赛/决赛/开发流/final7/os_test/apps/iperf/config/missing'\'' aclocal-1.16'
AMDEPBACKSLASH='\'
AMDEP_FALSE='#'
AMDEP_TRUE=''
AMTAR='$${TAR-tar}'
AM_BACKSLASH='\'
AM_DEFAULT_V='$(AM_DEFAULT_VERBOSITY)'
AM_DEFAULT_VERBOSITY='0'
AM_V='$(V)'
AR='ar'
AUTOCONF='${SHELL} '\''/home/boneinscri/HDU/OS内核赛/决赛/开发流/final7/os_test/apps/iperf/config/missing'\'' autoconf'
AUTOHEADER='${SHELL} '\''/home/boneinscri/HDU/OS内核赛/决赛/开发流/final7/os_test/apps/iperf/config/missing'\'' autoheader'
AUTOMAKE='${SHELL} '\''/home/boneinscri/HDU/OS内核赛/决赛/开发流/final7/os_test/apps/iperf/config/missing'\'' automake-1.16'
AWK='gawk'
CC='riscv64-musl-gcc'
CCDEPMODE='depmode=gcc3'
CFLAGS='-g -O2 -Wall'
CPPFLAGS=' '
CSCOPE='cscope'
CTAGS='ctags'
CYGPATH_W='echo'
DEFS='-DHAVE_CONFIG_H'
DEPDIR='.deps'
DLLTOOL='false'
DSYMUTIL=''
DUMPBIN=':'
ECHO_C=''
ECHO_N='-n'
ECHO_T=''
EGREP='/usr/bin/grep -E'
ENABLE_PROFILING_FALSE=''
ENABLE_PROFILING_TRUE='#'
ENABLE_STATIC_BIN_FALSE=''
ENABLE_STATIC_BIN_TRUE='#'
ETAGS='etags'
EXEEXT=''
FGREP='/usr/bin/grep -F'
FILECMD='file'
GREP='/usr/bin/grep'
INSTALL_DATA='${INSTALL} -m 644'
INSTALL_PROGRAM='${INSTALL}'
INSTALL_SCRIPT='${INSTALL}'
INSTALL_STRIP_PROGRAM='$(install_sh) -c -s'
LD='/usr/riscv64-linux-gnu/bin/ld'
LDFLAGS=' --static '
LIBOBJS=''
LIBS='-lssl -lcrypto '
LIBTOOL='$(SHELL) $(top_builddir)/libtool'
LIPO=''
LN_S='ln -s'
LTLIBOBJS=''
LT_SYS_LIBRARY_PATH=''
MAINT='#'
MAINTAINER_MODE_FALSE=''
MAINTAINER_MODE_TRUE='#'
MAKEINFO='${SHELL} '\''/home/boneinscri/HDU/OS内核赛/决赛/开发流/final7/os_test/apps/iperf/config/missing'\'' makeinfo'
MANIFEST_TOOL=':'
MKDIR_P='/usr/bin/mkdir -p'
NM='nm'
NMEDIT=''
OBJDUMP='objdump'
OBJEXT='o'
OPENSSL_INCLUDES=''
OPENSSL_LDFLAGS=''
OPENSSL_LIBS='-lssl -lcrypto'
OTOOL64=''
OTOOL=''
PACKAGE='iperf'
PACKAGE_BUGREPORT='https://github.com/esnet/iperf'
PACKAGE_NAME='iperf'
PACKAGE_STRING='iperf 3.13'
PACKAGE_TARNAME='iperf'
PACKAGE_URL='https://software.es.net/iperf/'
PACKAGE_VERSION='3.13'
PATH_SEPARATOR=':'
PKG_CONFIG='pkg-config'
RANLIB='ranlib'
SED='/usr/bin/sed'
SET_MAKE=''
SHELL='/bin/bash'
STRIP='strip'
VERSION='3.13'
ac_ct_AR='ar'
ac_ct_CC=''
ac_ct_DUMPBIN='link -dump'
am__EXEEXT_FALSE=''
am__EXEEXT_TRUE='#'
am__fastdepCC_FALSE='#'
am__fastdepCC_TRUE=''
am__include='include'
am__isrc=''
am__leading_dot='.'
am__nodep='_no'
am__quote=''
am__tar='$${TAR-tar} chof - "$$tardir"'
am__untar='$${TAR-tar} xf -'
bindir='${exec_prefix}/bin'
build='x86_64-pc-linux-musl'
build_alias=''
build_cpu='x86_64'
build_os='linux-musl'
build_vendor='pc'
datadir='${datarootdir}'
datarootdir='${prefix}/share'
docdir='${datarootdir}/doc/${PACKAGE_TARNAME}'
dvidir='${docdir}'
exec_prefix='${prefix}'
host='riscv64-unknown-linux-musl'
host_alias='riscv64-linux-musl'
host_cpu='riscv64'
host_os='linux-musl'
host_vendor='unknown'
htmldir='${docdir}'
includedir='${prefix}/include'
infodir='${datarootdir}/info'
install_sh='${SHELL} /home/boneinscri/HDU/OS内核赛/决赛/开发流/final7/os_test/apps/iperf/config/install-sh'
libdir='${exec_prefix}/lib'
libexecdir='${exec_prefix}/libexec'
localedir='${datarootdir}/locale'
localstatedir='${prefix}/var'
mandir='${datarootdir}/man'
mkdir_p='$(MKDIR_P)'
oldincludedir='/usr/include'
pdfdir='${docdir}'
prefix='/usr/local'
program_transform_name='s,x,x,'
psdir='${docdir}'
runstatedir='${localstatedir}/run'
sbindir='${exec_prefix}/sbin'
sharedstatedir='${prefix}/com'
sysconfdir='${prefix}/etc'
target_alias=''

## ----------- ##
## confdefs.h. ##
## ----------- ##

/* confdefs.h */
#define PACKAGE_NAME "iperf"
#define PACKAGE_TARNAME "iperf"
#define PACKAGE_VERSION "3.13"
#define PACKAGE_STRING "iperf 3.13"
#define PACKAGE_BUGREPORT "https://github.com/esnet/iperf"
#define PACKAGE_URL "https://software.es.net/iperf/"
#define PACKAGE "iperf"
#define VERSION "3.13"
#define HAVE_STDIO_H 1
#define HAVE_STDLIB_H 1
#define HAVE_STRING_H 1
#define HAVE_INTTYPES_H 1
#define HAVE_STDINT_H 1
#define HAVE_STRINGS_H 1
#define HAVE_SYS_STAT_H 1
#define HAVE_SYS_TYPES_H 1
#define HAVE_UNISTD_H 1
#define STDC_HEADERS 1
#define HAVE_DLFCN_H 1
#define LT_OBJDIR ".libs/"
#define HAVE_POLL_H 1
#define HAVE_ENDIAN_H 1
#define HAVE_TCP_CONGESTION 1
#define HAVE_TCP_USER_TIMEOUT 1
#define HAVE_SO_MAX_PACING_RATE 1
#define HAVE_SO_BINDTODEVICE 1
#define HAVE_IP_MTU_DISCOVER 1
#define HAVE_DONT_FRAGMENT 1

configure: exit 0
